[0.011s] Invoking command in '/home/tanvi/LiDAR_ws/launch11/build/launch11': CMAKE_PREFIX_PATH=${CMAKE_PREFIX_PATH}:/opt/ros/humble /usr/bin/cmake --build /home/tanvi/LiDAR_ws/launch11/build/launch11 -- -j8 -l8
[0.045s] Invoked command in '/home/tanvi/LiDAR_ws/launch11/build/launch11' returned '0': CMAKE_PREFIX_PATH=${CMAKE_PREFIX_PATH}:/opt/ros/humble /usr/bin/cmake --build /home/tanvi/LiDAR_ws/launch11/build/launch11 -- -j8 -l8
[0.055s] Invoking command in '/home/tanvi/LiDAR_ws/launch11/build/launch11': CMAKE_PREFIX_PATH=${CMAKE_PREFIX_PATH}:/opt/ros/humble /usr/bin/cmake --install /home/tanvi/LiDAR_ws/launch11/build/launch11
[0.061s] -- Install configuration: ""
[0.062s] -- Up-to-date: /home/tanvi/LiDAR_ws/launch11/install/launch11/share/launch11//launch
[0.062s] -- Installing: /home/tanvi/LiDAR_ws/launch11/install/launch11/share/launch11//launch/launch11.launch.xml
[0.062s] -- Up-to-date: /home/tanvi/LiDAR_ws/launch11/install/launch11/share/ament_index/resource_index/package_run_dependencies/launch11
[0.062s] -- Up-to-date: /home/tanvi/LiDAR_ws/launch11/install/launch11/share/ament_index/resource_index/parent_prefix_path/launch11
[0.062s] -- Up-to-date: /home/tanvi/LiDAR_ws/launch11/install/launch11/share/launch11/environment/ament_prefix_path.sh
[0.062s] -- Up-to-date: /home/tanvi/LiDAR_ws/launch11/install/launch11/share/launch11/environment/ament_prefix_path.dsv
[0.062s] -- Up-to-date: /home/tanvi/LiDAR_ws/launch11/install/launch11/share/launch11/environment/path.sh
[0.062s] -- Up-to-date: /home/tanvi/LiDAR_ws/launch11/install/launch11/share/launch11/environment/path.dsv
[0.062s] -- Up-to-date: /home/tanvi/LiDAR_ws/launch11/install/launch11/share/launch11/local_setup.bash
[0.062s] -- Up-to-date: /home/tanvi/LiDAR_ws/launch11/install/launch11/share/launch11/local_setup.sh
[0.062s] -- Up-to-date: /home/tanvi/LiDAR_ws/launch11/install/launch11/share/launch11/local_setup.zsh
[0.063s] -- Up-to-date: /home/tanvi/LiDAR_ws/launch11/install/launch11/share/launch11/local_setup.dsv
[0.063s] -- Up-to-date: /home/tanvi/LiDAR_ws/launch11/install/launch11/share/launch11/package.dsv
[0.063s] -- Up-to-date: /home/tanvi/LiDAR_ws/launch11/install/launch11/share/ament_index/resource_index/packages/launch11
[0.063s] -- Up-to-date: /home/tanvi/LiDAR_ws/launch11/install/launch11/share/launch11/cmake/launch11Config.cmake
[0.063s] -- Up-to-date: /home/tanvi/LiDAR_ws/launch11/install/launch11/share/launch11/cmake/launch11Config-version.cmake
[0.063s] -- Up-to-date: /home/tanvi/LiDAR_ws/launch11/install/launch11/share/launch11/package.xml
[0.064s] Invoked command in '/home/tanvi/LiDAR_ws/launch11/build/launch11' returned '0': CMAKE_PREFIX_PATH=${CMAKE_PREFIX_PATH}:/opt/ros/humble /usr/bin/cmake --install /home/tanvi/LiDAR_ws/launch11/build/launch11
