[0.113s] DEBUG:colcon:Command line arguments: ['/usr/bin/colcon', 'build']
[0.113s] DEBUG:colcon:Parsed command line arguments: Namespace(log_base=None, log_level=None, verb_name='build', build_base='build', install_base='install', merge_install=False, symlink_install=False, test_result_base=None, continue_on_error=False, executor='parallel', parallel_workers=8, event_handlers=None, ignore_user_meta=False, metas=['./colcon.meta'], base_paths=['.'], packages_ignore=None, packages_ignore_regex=None, paths=None, packages_up_to=None, packages_up_to_regex=None, packages_above=None, packages_above_and_dependencies=None, packages_above_depth=None, packages_select_by_dep=None, packages_skip_by_dep=None, packages_skip_up_to=None, packages_select_build_failed=False, packages_skip_build_finished=False, packages_select_test_failures=False, packages_skip_test_passed=False, packages_select=None, packages_skip=None, packages_select_regex=None, packages_skip_regex=None, packages_start=None, packages_end=None, allow_overriding=[], cmake_args=None, cmake_target=None, cmake_target_skip_unavailable=False, cmake_clean_cache=False, cmake_clean_first=False, cmake_force_configure=False, ament_cmake_args=None, catkin_cmake_args=None, catkin_skip_building_tests=False, mixin_files=None, mixin=None, verb_parser=<colcon_mixin.mixin.mixin_argument.MixinArgumentDecorator object at 0x78694d57b610>, verb_extension=<colcon_core.verb.build.BuildVerb object at 0x78694d57af20>, main=<bound method BuildVerb.main of <colcon_core.verb.build.BuildVerb object at 0x78694d57af20>>, mixin_verb=('build',))
[0.409s] Level 1:colcon.colcon_core.package_discovery:discover_packages(colcon_meta) check parameters
[0.409s] Level 1:colcon.colcon_core.package_discovery:discover_packages(recursive) check parameters
[0.409s] Level 1:colcon.colcon_core.package_discovery:discover_packages(ignore) check parameters
[0.409s] Level 1:colcon.colcon_core.package_discovery:discover_packages(path) check parameters
[0.409s] Level 1:colcon.colcon_core.package_discovery:discover_packages(colcon_meta) discover
[0.409s] Level 1:colcon.colcon_core.package_discovery:discover_packages(recursive) discover
[0.409s] INFO:colcon.colcon_core.package_discovery:Crawling recursively for packages in '/home/tanvi/LiDAR_ws/launch11'
[0.409s] Level 1:colcon.colcon_core.package_identification:_identify(.) by extensions ['ignore', 'ignore_ament_install']
[0.410s] Level 1:colcon.colcon_core.package_identification:_identify(.) by extension 'ignore'
[0.410s] Level 1:colcon.colcon_core.package_identification:_identify(.) by extension 'ignore_ament_install'
[0.410s] Level 1:colcon.colcon_core.package_identification:_identify(.) by extensions ['colcon_pkg']
[0.410s] Level 1:colcon.colcon_core.package_identification:_identify(.) by extension 'colcon_pkg'
[0.410s] Level 1:colcon.colcon_core.package_identification:_identify(.) by extensions ['colcon_meta']
[0.410s] Level 1:colcon.colcon_core.package_identification:_identify(.) by extension 'colcon_meta'
[0.410s] Level 1:colcon.colcon_core.package_identification:_identify(.) by extensions ['ros']
[0.410s] Level 1:colcon.colcon_core.package_identification:_identify(.) by extension 'ros'
[0.451s] DEBUG:colcon.colcon_core.package_identification:Package '.' with type 'ros.ament_cmake' and name 'launch11'
[0.451s] Level 1:colcon.colcon_core.package_discovery:discover_packages(recursive) using defaults
[0.451s] Level 1:colcon.colcon_core.package_discovery:discover_packages(ignore) discover
[0.451s] Level 1:colcon.colcon_core.package_discovery:discover_packages(ignore) using defaults
[0.451s] Level 1:colcon.colcon_core.package_discovery:discover_packages(path) discover
[0.451s] Level 1:colcon.colcon_core.package_discovery:discover_packages(path) using defaults
[0.470s] Level 1:colcon.colcon_core.package_discovery:discover_packages(prefix_path) check parameters
[0.470s] Level 1:colcon.colcon_core.package_discovery:discover_packages(prefix_path) discover
[0.560s] DEBUG:colcon.colcon_installed_package_information.package_discovery:Found 1 installed packages in /home/tanvi/LiDAR_ws/launch11/install
[0.562s] DEBUG:colcon.colcon_installed_package_information.package_discovery:Found 1 installed packages in /home/tanvi/LiDAR_ws/unilidar_sdk2/unitree_lidar_ros2/install
[0.564s] DEBUG:colcon.colcon_installed_package_information.package_discovery:Found 2 installed packages in /home/tanvi/LiDAR_ws/FL_ws/install
[0.571s] DEBUG:colcon.colcon_installed_package_information.package_discovery:Found 392 installed packages in /opt/ros/humble
[0.575s] Level 1:colcon.colcon_core.package_discovery:discover_packages(prefix_path) using defaults
[0.749s] Level 5:colcon.colcon_core.verb:set package 'launch11' build argument 'cmake_args' from command line to 'None'
[0.749s] Level 5:colcon.colcon_core.verb:set package 'launch11' build argument 'cmake_target' from command line to 'None'
[0.750s] Level 5:colcon.colcon_core.verb:set package 'launch11' build argument 'cmake_target_skip_unavailable' from command line to 'False'
[0.750s] Level 5:colcon.colcon_core.verb:set package 'launch11' build argument 'cmake_clean_cache' from command line to 'False'
[0.750s] Level 5:colcon.colcon_core.verb:set package 'launch11' build argument 'cmake_clean_first' from command line to 'False'
[0.750s] Level 5:colcon.colcon_core.verb:set package 'launch11' build argument 'cmake_force_configure' from command line to 'False'
[0.750s] Level 5:colcon.colcon_core.verb:set package 'launch11' build argument 'ament_cmake_args' from command line to 'None'
[0.750s] Level 5:colcon.colcon_core.verb:set package 'launch11' build argument 'catkin_cmake_args' from command line to 'None'
[0.750s] Level 5:colcon.colcon_core.verb:set package 'launch11' build argument 'catkin_skip_building_tests' from command line to 'False'
[0.750s] DEBUG:colcon.colcon_core.verb:Building package 'launch11' with the following arguments: {'ament_cmake_args': None, 'build_base': '/home/tanvi/LiDAR_ws/launch11/build/launch11', 'catkin_cmake_args': None, 'catkin_skip_building_tests': False, 'cmake_args': None, 'cmake_clean_cache': False, 'cmake_clean_first': False, 'cmake_force_configure': False, 'cmake_target': None, 'cmake_target_skip_unavailable': False, 'install_base': '/home/tanvi/LiDAR_ws/launch11/install/launch11', 'merge_install': False, 'path': '/home/tanvi/LiDAR_ws/launch11', 'symlink_install': False, 'test_result_base': None}
[0.750s] INFO:colcon.colcon_core.executor:Executing jobs using 'parallel' executor
[0.751s] DEBUG:colcon.colcon_parallel_executor.executor.parallel:run_until_complete
[0.751s] INFO:colcon.colcon_ros.task.ament_cmake.build:Building ROS package in '/home/tanvi/LiDAR_ws/launch11' with build type 'ament_cmake'
[0.751s] INFO:colcon.colcon_cmake.task.cmake.build:Building CMake package in '/home/tanvi/LiDAR_ws/launch11'
[0.753s] INFO:colcon.colcon_core.plugin_system:Skipping extension 'colcon_core.shell.bat': Not used on non-Windows systems
[0.754s] INFO:colcon.colcon_core.shell:Skip shell extension 'powershell' for command environment: Not usable outside of PowerShell
[0.754s] DEBUG:colcon.colcon_core.shell:Skip shell extension 'dsv' for command environment
[0.763s] DEBUG:colcon.colcon_core.event_handler.log_command:Invoking command in '/home/tanvi/LiDAR_ws/launch11/build/launch11': CMAKE_PREFIX_PATH=${CMAKE_PREFIX_PATH}:/opt/ros/humble /usr/bin/cmake --build /home/tanvi/LiDAR_ws/launch11/build/launch11 -- -j8 -l8
[0.797s] DEBUG:colcon.colcon_core.event_handler.log_command:Invoked command in '/home/tanvi/LiDAR_ws/launch11/build/launch11' returned '0': CMAKE_PREFIX_PATH=${CMAKE_PREFIX_PATH}:/opt/ros/humble /usr/bin/cmake --build /home/tanvi/LiDAR_ws/launch11/build/launch11 -- -j8 -l8
[0.807s] DEBUG:colcon.colcon_core.event_handler.log_command:Invoking command in '/home/tanvi/LiDAR_ws/launch11/build/launch11': CMAKE_PREFIX_PATH=${CMAKE_PREFIX_PATH}:/opt/ros/humble /usr/bin/cmake --install /home/tanvi/LiDAR_ws/launch11/build/launch11
[0.816s] Level 1:colcon.colcon_core.environment:create_environment_scripts_only(launch11)
[0.816s] DEBUG:colcon.colcon_core.event_handler.log_command:Invoked command in '/home/tanvi/LiDAR_ws/launch11/build/launch11' returned '0': CMAKE_PREFIX_PATH=${CMAKE_PREFIX_PATH}:/opt/ros/humble /usr/bin/cmake --install /home/tanvi/LiDAR_ws/launch11/build/launch11
[0.818s] Level 1:colcon.colcon_core.environment:checking '/home/tanvi/LiDAR_ws/launch11/install/launch11' for CMake module files
[0.819s] Level 1:colcon.colcon_core.environment:checking '/home/tanvi/LiDAR_ws/launch11/install/launch11' for CMake config files
[0.819s] Level 1:colcon.colcon_core.shell:create_environment_hook('launch11', 'cmake_prefix_path')
[0.819s] INFO:colcon.colcon_core.shell:Creating environment hook '/home/tanvi/LiDAR_ws/launch11/install/launch11/share/launch11/hook/cmake_prefix_path.ps1'
[0.820s] INFO:colcon.colcon_core.shell:Creating environment descriptor '/home/tanvi/LiDAR_ws/launch11/install/launch11/share/launch11/hook/cmake_prefix_path.dsv'
[0.820s] INFO:colcon.colcon_core.shell:Creating environment hook '/home/tanvi/LiDAR_ws/launch11/install/launch11/share/launch11/hook/cmake_prefix_path.sh'
[0.821s] Level 1:colcon.colcon_core.environment:checking '/home/tanvi/LiDAR_ws/launch11/install/launch11/bin'
[0.821s] Level 1:colcon.colcon_core.environment:checking '/home/tanvi/LiDAR_ws/launch11/install/launch11/lib/pkgconfig/launch11.pc'
[0.821s] Level 1:colcon.colcon_core.environment:checking '/home/tanvi/LiDAR_ws/launch11/install/launch11/lib/python3.10/site-packages'
[0.821s] Level 1:colcon.colcon_core.environment:checking '/home/tanvi/LiDAR_ws/launch11/install/launch11/bin'
[0.822s] INFO:colcon.colcon_core.shell:Creating package script '/home/tanvi/LiDAR_ws/launch11/install/launch11/share/launch11/package.ps1'
[0.823s] INFO:colcon.colcon_core.shell:Creating package descriptor '/home/tanvi/LiDAR_ws/launch11/install/launch11/share/launch11/package.dsv'
[0.823s] INFO:colcon.colcon_core.shell:Creating package script '/home/tanvi/LiDAR_ws/launch11/install/launch11/share/launch11/package.sh'
[0.824s] INFO:colcon.colcon_core.shell:Creating package script '/home/tanvi/LiDAR_ws/launch11/install/launch11/share/launch11/package.bash'
[0.824s] INFO:colcon.colcon_core.shell:Creating package script '/home/tanvi/LiDAR_ws/launch11/install/launch11/share/launch11/package.zsh'
[0.825s] Level 1:colcon.colcon_core.environment:create_file_with_runtime_dependencies(/home/tanvi/LiDAR_ws/launch11/install/launch11/share/colcon-core/packages/launch11)
[0.826s] Level 1:colcon.colcon_core.environment:create_environment_scripts_only(launch11)
[0.826s] Level 1:colcon.colcon_core.environment:checking '/home/tanvi/LiDAR_ws/launch11/install/launch11' for CMake module files
[0.826s] Level 1:colcon.colcon_core.environment:checking '/home/tanvi/LiDAR_ws/launch11/install/launch11' for CMake config files
[0.826s] Level 1:colcon.colcon_core.shell:create_environment_hook('launch11', 'cmake_prefix_path')
[0.827s] INFO:colcon.colcon_core.shell:Creating environment hook '/home/tanvi/LiDAR_ws/launch11/install/launch11/share/launch11/hook/cmake_prefix_path.ps1'
[0.827s] INFO:colcon.colcon_core.shell:Creating environment descriptor '/home/tanvi/LiDAR_ws/launch11/install/launch11/share/launch11/hook/cmake_prefix_path.dsv'
[0.827s] INFO:colcon.colcon_core.shell:Creating environment hook '/home/tanvi/LiDAR_ws/launch11/install/launch11/share/launch11/hook/cmake_prefix_path.sh'
[0.828s] Level 1:colcon.colcon_core.environment:checking '/home/tanvi/LiDAR_ws/launch11/install/launch11/bin'
[0.828s] Level 1:colcon.colcon_core.environment:checking '/home/tanvi/LiDAR_ws/launch11/install/launch11/lib/pkgconfig/launch11.pc'
[0.828s] Level 1:colcon.colcon_core.environment:checking '/home/tanvi/LiDAR_ws/launch11/install/launch11/lib/python3.10/site-packages'
[0.829s] Level 1:colcon.colcon_core.environment:checking '/home/tanvi/LiDAR_ws/launch11/install/launch11/bin'
[0.829s] INFO:colcon.colcon_core.shell:Creating package script '/home/tanvi/LiDAR_ws/launch11/install/launch11/share/launch11/package.ps1'
[0.829s] INFO:colcon.colcon_core.shell:Creating package descriptor '/home/tanvi/LiDAR_ws/launch11/install/launch11/share/launch11/package.dsv'
[0.830s] INFO:colcon.colcon_core.shell:Creating package script '/home/tanvi/LiDAR_ws/launch11/install/launch11/share/launch11/package.sh'
[0.830s] INFO:colcon.colcon_core.shell:Creating package script '/home/tanvi/LiDAR_ws/launch11/install/launch11/share/launch11/package.bash'
[0.831s] INFO:colcon.colcon_core.shell:Creating package script '/home/tanvi/LiDAR_ws/launch11/install/launch11/share/launch11/package.zsh'
[0.831s] Level 1:colcon.colcon_core.environment:create_file_with_runtime_dependencies(/home/tanvi/LiDAR_ws/launch11/install/launch11/share/colcon-core/packages/launch11)
[0.831s] DEBUG:colcon.colcon_parallel_executor.executor.parallel:closing loop
[0.832s] DEBUG:colcon.colcon_parallel_executor.executor.parallel:loop closed
[0.832s] DEBUG:colcon.colcon_parallel_executor.executor.parallel:run_until_complete finished with '0'
[0.832s] DEBUG:colcon.colcon_core.event_reactor:joining thread
[0.836s] INFO:colcon.colcon_core.plugin_system:Skipping extension 'colcon_notification.desktop_notification.terminal_notifier': Not used on non-Darwin systems
[0.836s] INFO:colcon.colcon_core.plugin_system:Skipping extension 'colcon_notification.desktop_notification.win32': Not used on non-Windows systems
[0.836s] INFO:colcon.colcon_notification.desktop_notification:Sending desktop notification using 'notify2'
[0.844s] DEBUG:colcon.colcon_core.event_reactor:joined thread
[0.845s] INFO:colcon.colcon_core.shell:Creating prefix script '/home/tanvi/LiDAR_ws/launch11/install/local_setup.ps1'
[0.846s] INFO:colcon.colcon_core.shell:Creating prefix util module '/home/tanvi/LiDAR_ws/launch11/install/_local_setup_util_ps1.py'
[0.848s] INFO:colcon.colcon_core.shell:Creating prefix chain script '/home/tanvi/LiDAR_ws/launch11/install/setup.ps1'
[0.849s] INFO:colcon.colcon_core.shell:Creating prefix script '/home/tanvi/LiDAR_ws/launch11/install/local_setup.sh'
[0.850s] INFO:colcon.colcon_core.shell:Creating prefix util module '/home/tanvi/LiDAR_ws/launch11/install/_local_setup_util_sh.py'
[0.851s] INFO:colcon.colcon_core.shell:Creating prefix chain script '/home/tanvi/LiDAR_ws/launch11/install/setup.sh'
[0.852s] INFO:colcon.colcon_core.shell:Creating prefix script '/home/tanvi/LiDAR_ws/launch11/install/local_setup.bash'
[0.852s] INFO:colcon.colcon_core.shell:Creating prefix chain script '/home/tanvi/LiDAR_ws/launch11/install/setup.bash'
[0.853s] INFO:colcon.colcon_core.shell:Creating prefix script '/home/tanvi/LiDAR_ws/launch11/install/local_setup.zsh'
[0.854s] INFO:colcon.colcon_core.shell:Creating prefix chain script '/home/tanvi/LiDAR_ws/launch11/install/setup.zsh'
