[3.733s] DEBUG:colcon:Command line arguments: ['/usr/bin/colcon', 'build']
[3.733s] DEBUG:colcon:Parsed command line arguments: Namespace(log_base=None, log_level=None, verb_name='build', build_base='build', install_base='install', merge_install=False, symlink_install=False, test_result_base=None, continue_on_error=False, executor='parallel', parallel_workers=8, event_handlers=None, ignore_user_meta=False, metas=['./colcon.meta'], base_paths=['.'], packages_ignore=None, packages_ignore_regex=None, paths=None, packages_up_to=None, packages_up_to_regex=None, packages_above=None, packages_above_and_dependencies=None, packages_above_depth=None, packages_select_by_dep=None, packages_skip_by_dep=None, packages_skip_up_to=None, packages_select_build_failed=False, packages_skip_build_finished=False, packages_select_test_failures=False, packages_skip_test_passed=False, packages_select=None, packages_skip=None, packages_select_regex=None, packages_skip_regex=None, packages_start=None, packages_end=None, allow_overriding=[], cmake_args=None, cmake_target=None, cmake_target_skip_unavailable=False, cmake_clean_cache=False, cmake_clean_first=False, cmake_force_configure=False, ament_cmake_args=None, catkin_cmake_args=None, catkin_skip_building_tests=False, mixin_files=None, mixin=None, verb_parser=<colcon_mixin.mixin.mixin_argument.MixinArgumentDecorator object at 0x755bc036f610>, verb_extension=<colcon_core.verb.build.BuildVerb object at 0x755bc036ef20>, main=<bound method BuildVerb.main of <colcon_core.verb.build.BuildVerb object at 0x755bc036ef20>>, mixin_verb=('build',))
[10.978s] Level 1:colcon.colcon_core.package_discovery:discover_packages(colcon_meta) check parameters
[10.978s] Level 1:colcon.colcon_core.package_discovery:discover_packages(recursive) check parameters
[10.979s] Level 1:colcon.colcon_core.package_discovery:discover_packages(ignore) check parameters
[10.979s] Level 1:colcon.colcon_core.package_discovery:discover_packages(path) check parameters
[10.979s] Level 1:colcon.colcon_core.package_discovery:discover_packages(colcon_meta) discover
[10.979s] Level 1:colcon.colcon_core.package_discovery:discover_packages(recursive) discover
[10.979s] INFO:colcon.colcon_core.package_discovery:Crawling recursively for packages in '/home/tanvi/LiDAR_ws/launch11'
[10.980s] Level 1:colcon.colcon_core.package_identification:_identify(.) by extensions ['ignore', 'ignore_ament_install']
[10.981s] Level 1:colcon.colcon_core.package_identification:_identify(.) by extension 'ignore'
[10.981s] Level 1:colcon.colcon_core.package_identification:_identify(.) by extension 'ignore_ament_install'
[10.981s] Level 1:colcon.colcon_core.package_identification:_identify(.) by extensions ['colcon_pkg']
[10.981s] Level 1:colcon.colcon_core.package_identification:_identify(.) by extension 'colcon_pkg'
[10.982s] Level 1:colcon.colcon_core.package_identification:_identify(.) by extensions ['colcon_meta']
[10.982s] Level 1:colcon.colcon_core.package_identification:_identify(.) by extension 'colcon_meta'
[10.982s] Level 1:colcon.colcon_core.package_identification:_identify(.) by extensions ['ros']
[10.982s] Level 1:colcon.colcon_core.package_identification:_identify(.) by extension 'ros'
[11.318s] DEBUG:colcon.colcon_core.package_identification:Package '.' with type 'ros.ament_cmake' and name 'launch11'
[11.318s] Level 1:colcon.colcon_core.package_discovery:discover_packages(recursive) using defaults
[11.318s] Level 1:colcon.colcon_core.package_discovery:discover_packages(ignore) discover
[11.318s] Level 1:colcon.colcon_core.package_discovery:discover_packages(ignore) using defaults
[11.318s] Level 1:colcon.colcon_core.package_discovery:discover_packages(path) discover
[11.319s] Level 1:colcon.colcon_core.package_discovery:discover_packages(path) using defaults
[11.525s] Level 1:colcon.colcon_core.package_discovery:discover_packages(prefix_path) check parameters
[11.525s] Level 1:colcon.colcon_core.package_discovery:discover_packages(prefix_path) discover
[11.631s] DEBUG:colcon.colcon_installed_package_information.package_discovery:Found 1 installed packages in /home/tanvi/LiDAR_ws/launch11/install
[11.635s] DEBUG:colcon.colcon_installed_package_information.package_discovery:Found 1 installed packages in /home/tanvi/LiDAR_ws/unilidar_sdk2/unitree_lidar_ros2/install
[11.638s] DEBUG:colcon.colcon_installed_package_information.package_discovery:Found 2 installed packages in /home/tanvi/LiDAR_ws/FL_ws/install
[11.773s] DEBUG:colcon.colcon_installed_package_information.package_discovery:Found 392 installed packages in /opt/ros/humble
[11.783s] Level 1:colcon.colcon_core.package_discovery:discover_packages(prefix_path) using defaults
[15.881s] Level 5:colcon.colcon_core.verb:set package 'launch11' build argument 'cmake_args' from command line to 'None'
[15.881s] Level 5:colcon.colcon_core.verb:set package 'launch11' build argument 'cmake_target' from command line to 'None'
[15.881s] Level 5:colcon.colcon_core.verb:set package 'launch11' build argument 'cmake_target_skip_unavailable' from command line to 'False'
[15.881s] Level 5:colcon.colcon_core.verb:set package 'launch11' build argument 'cmake_clean_cache' from command line to 'False'
[15.881s] Level 5:colcon.colcon_core.verb:set package 'launch11' build argument 'cmake_clean_first' from command line to 'False'
[15.881s] Level 5:colcon.colcon_core.verb:set package 'launch11' build argument 'cmake_force_configure' from command line to 'False'
[15.881s] Level 5:colcon.colcon_core.verb:set package 'launch11' build argument 'ament_cmake_args' from command line to 'None'
[15.882s] Level 5:colcon.colcon_core.verb:set package 'launch11' build argument 'catkin_cmake_args' from command line to 'None'
[15.882s] Level 5:colcon.colcon_core.verb:set package 'launch11' build argument 'catkin_skip_building_tests' from command line to 'False'
[15.882s] DEBUG:colcon.colcon_core.verb:Building package 'launch11' with the following arguments: {'ament_cmake_args': None, 'build_base': '/home/tanvi/LiDAR_ws/launch11/build/launch11', 'catkin_cmake_args': None, 'catkin_skip_building_tests': False, 'cmake_args': None, 'cmake_clean_cache': False, 'cmake_clean_first': False, 'cmake_force_configure': False, 'cmake_target': None, 'cmake_target_skip_unavailable': False, 'install_base': '/home/tanvi/LiDAR_ws/launch11/install/launch11', 'merge_install': False, 'path': '/home/tanvi/LiDAR_ws/launch11', 'symlink_install': False, 'test_result_base': None}
[15.882s] INFO:colcon.colcon_core.executor:Executing jobs using 'parallel' executor
[15.883s] DEBUG:colcon.colcon_parallel_executor.executor.parallel:run_until_complete
[15.883s] INFO:colcon.colcon_ros.task.ament_cmake.build:Building ROS package in '/home/tanvi/LiDAR_ws/launch11' with build type 'ament_cmake'
[15.883s] INFO:colcon.colcon_cmake.task.cmake.build:Building CMake package in '/home/tanvi/LiDAR_ws/launch11'
[16.074s] INFO:colcon.colcon_core.plugin_system:Skipping extension 'colcon_core.shell.bat': Not used on non-Windows systems
[16.075s] INFO:colcon.colcon_core.shell:Skip shell extension 'powershell' for command environment: Not usable outside of PowerShell
[16.076s] DEBUG:colcon.colcon_core.shell:Skip shell extension 'dsv' for command environment
[16.317s] DEBUG:colcon.colcon_core.event_handler.log_command:Invoking command in '/home/tanvi/LiDAR_ws/launch11/build/launch11': CMAKE_PREFIX_PATH=${CMAKE_PREFIX_PATH}:/opt/ros/humble /usr/bin/cmake --build /home/tanvi/LiDAR_ws/launch11/build/launch11 -- -j8 -l8
[18.277s] DEBUG:colcon.colcon_core.event_handler.log_command:Invoked command in '/home/tanvi/LiDAR_ws/launch11/build/launch11' returned '0': CMAKE_PREFIX_PATH=${CMAKE_PREFIX_PATH}:/opt/ros/humble /usr/bin/cmake --build /home/tanvi/LiDAR_ws/launch11/build/launch11 -- -j8 -l8
[18.376s] DEBUG:colcon.colcon_core.event_handler.log_command:Invoking command in '/home/tanvi/LiDAR_ws/launch11/build/launch11': CMAKE_PREFIX_PATH=${CMAKE_PREFIX_PATH}:/opt/ros/humble /usr/bin/cmake --install /home/tanvi/LiDAR_ws/launch11/build/launch11
[18.470s] Level 1:colcon.colcon_core.environment:create_environment_scripts_only(launch11)
[18.472s] DEBUG:colcon.colcon_core.event_handler.log_command:Invoked command in '/home/tanvi/LiDAR_ws/launch11/build/launch11' returned '0': CMAKE_PREFIX_PATH=${CMAKE_PREFIX_PATH}:/opt/ros/humble /usr/bin/cmake --install /home/tanvi/LiDAR_ws/launch11/build/launch11
[18.716s] Level 1:colcon.colcon_core.environment:checking '/home/tanvi/LiDAR_ws/launch11/install/launch11' for CMake module files
[18.765s] Level 1:colcon.colcon_core.environment:checking '/home/tanvi/LiDAR_ws/launch11/install/launch11' for CMake config files
[18.787s] Level 1:colcon.colcon_core.shell:create_environment_hook('launch11', 'cmake_prefix_path')
[18.788s] INFO:colcon.colcon_core.shell:Creating environment hook '/home/tanvi/LiDAR_ws/launch11/install/launch11/share/launch11/hook/cmake_prefix_path.ps1'
[18.811s] INFO:colcon.colcon_core.shell:Creating environment descriptor '/home/tanvi/LiDAR_ws/launch11/install/launch11/share/launch11/hook/cmake_prefix_path.dsv'
[18.826s] INFO:colcon.colcon_core.shell:Creating environment hook '/home/tanvi/LiDAR_ws/launch11/install/launch11/share/launch11/hook/cmake_prefix_path.sh'
[18.827s] Level 1:colcon.colcon_core.environment:checking '/home/tanvi/LiDAR_ws/launch11/install/launch11/bin'
[18.828s] Level 1:colcon.colcon_core.environment:checking '/home/tanvi/LiDAR_ws/launch11/install/launch11/lib/pkgconfig/launch11.pc'
[18.828s] Level 1:colcon.colcon_core.environment:checking '/home/tanvi/LiDAR_ws/launch11/install/launch11/lib/python3.10/site-packages'
[18.828s] Level 1:colcon.colcon_core.environment:checking '/home/tanvi/LiDAR_ws/launch11/install/launch11/bin'
[18.829s] INFO:colcon.colcon_core.shell:Creating package script '/home/tanvi/LiDAR_ws/launch11/install/launch11/share/launch11/package.ps1'
[18.830s] INFO:colcon.colcon_core.shell:Creating package descriptor '/home/tanvi/LiDAR_ws/launch11/install/launch11/share/launch11/package.dsv'
[18.830s] INFO:colcon.colcon_core.shell:Creating package script '/home/tanvi/LiDAR_ws/launch11/install/launch11/share/launch11/package.sh'
[18.831s] INFO:colcon.colcon_core.shell:Creating package script '/home/tanvi/LiDAR_ws/launch11/install/launch11/share/launch11/package.bash'
[18.849s] INFO:colcon.colcon_core.shell:Creating package script '/home/tanvi/LiDAR_ws/launch11/install/launch11/share/launch11/package.zsh'
[18.866s] Level 1:colcon.colcon_core.environment:create_file_with_runtime_dependencies(/home/tanvi/LiDAR_ws/launch11/install/launch11/share/colcon-core/packages/launch11)
[18.868s] Level 1:colcon.colcon_core.environment:create_environment_scripts_only(launch11)
[18.868s] Level 1:colcon.colcon_core.environment:checking '/home/tanvi/LiDAR_ws/launch11/install/launch11' for CMake module files
[18.869s] Level 1:colcon.colcon_core.environment:checking '/home/tanvi/LiDAR_ws/launch11/install/launch11' for CMake config files
[18.869s] Level 1:colcon.colcon_core.shell:create_environment_hook('launch11', 'cmake_prefix_path')
[18.869s] INFO:colcon.colcon_core.shell:Creating environment hook '/home/tanvi/LiDAR_ws/launch11/install/launch11/share/launch11/hook/cmake_prefix_path.ps1'
[18.870s] INFO:colcon.colcon_core.shell:Creating environment descriptor '/home/tanvi/LiDAR_ws/launch11/install/launch11/share/launch11/hook/cmake_prefix_path.dsv'
[18.871s] INFO:colcon.colcon_core.shell:Creating environment hook '/home/tanvi/LiDAR_ws/launch11/install/launch11/share/launch11/hook/cmake_prefix_path.sh'
[18.872s] Level 1:colcon.colcon_core.environment:checking '/home/tanvi/LiDAR_ws/launch11/install/launch11/bin'
[18.872s] Level 1:colcon.colcon_core.environment:checking '/home/tanvi/LiDAR_ws/launch11/install/launch11/lib/pkgconfig/launch11.pc'
[18.872s] Level 1:colcon.colcon_core.environment:checking '/home/tanvi/LiDAR_ws/launch11/install/launch11/lib/python3.10/site-packages'
[18.873s] Level 1:colcon.colcon_core.environment:checking '/home/tanvi/LiDAR_ws/launch11/install/launch11/bin'
[18.873s] INFO:colcon.colcon_core.shell:Creating package script '/home/tanvi/LiDAR_ws/launch11/install/launch11/share/launch11/package.ps1'
[18.874s] INFO:colcon.colcon_core.shell:Creating package descriptor '/home/tanvi/LiDAR_ws/launch11/install/launch11/share/launch11/package.dsv'
[18.874s] INFO:colcon.colcon_core.shell:Creating package script '/home/tanvi/LiDAR_ws/launch11/install/launch11/share/launch11/package.sh'
[18.875s] INFO:colcon.colcon_core.shell:Creating package script '/home/tanvi/LiDAR_ws/launch11/install/launch11/share/launch11/package.bash'
[18.875s] INFO:colcon.colcon_core.shell:Creating package script '/home/tanvi/LiDAR_ws/launch11/install/launch11/share/launch11/package.zsh'
[18.876s] Level 1:colcon.colcon_core.environment:create_file_with_runtime_dependencies(/home/tanvi/LiDAR_ws/launch11/install/launch11/share/colcon-core/packages/launch11)
[18.876s] DEBUG:colcon.colcon_parallel_executor.executor.parallel:closing loop
[18.877s] DEBUG:colcon.colcon_parallel_executor.executor.parallel:loop closed
[18.877s] DEBUG:colcon.colcon_parallel_executor.executor.parallel:run_until_complete finished with '0'
[18.877s] DEBUG:colcon.colcon_core.event_reactor:joining thread
[19.086s] INFO:colcon.colcon_core.plugin_system:Skipping extension 'colcon_notification.desktop_notification.terminal_notifier': Not used on non-Darwin systems
[19.087s] INFO:colcon.colcon_core.plugin_system:Skipping extension 'colcon_notification.desktop_notification.win32': Not used on non-Windows systems
[19.087s] INFO:colcon.colcon_notification.desktop_notification:Sending desktop notification using 'notify2'
[19.538s] DEBUG:colcon.colcon_core.event_reactor:joined thread
[19.539s] INFO:colcon.colcon_core.shell:Creating prefix script '/home/tanvi/LiDAR_ws/launch11/install/local_setup.ps1'
[19.542s] INFO:colcon.colcon_core.shell:Creating prefix util module '/home/tanvi/LiDAR_ws/launch11/install/_local_setup_util_ps1.py'
[19.545s] INFO:colcon.colcon_core.shell:Creating prefix chain script '/home/tanvi/LiDAR_ws/launch11/install/setup.ps1'
[19.576s] INFO:colcon.colcon_core.shell:Creating prefix script '/home/tanvi/LiDAR_ws/launch11/install/local_setup.sh'
[19.577s] INFO:colcon.colcon_core.shell:Creating prefix util module '/home/tanvi/LiDAR_ws/launch11/install/_local_setup_util_sh.py'
[19.578s] INFO:colcon.colcon_core.shell:Creating prefix chain script '/home/tanvi/LiDAR_ws/launch11/install/setup.sh'
[19.580s] INFO:colcon.colcon_core.shell:Creating prefix script '/home/tanvi/LiDAR_ws/launch11/install/local_setup.bash'
[19.587s] INFO:colcon.colcon_core.shell:Creating prefix chain script '/home/tanvi/LiDAR_ws/launch11/install/setup.bash'
[19.590s] INFO:colcon.colcon_core.shell:Creating prefix script '/home/tanvi/LiDAR_ws/launch11/install/local_setup.zsh'
[19.595s] INFO:colcon.colcon_core.shell:Creating prefix chain script '/home/tanvi/LiDAR_ws/launch11/install/setup.zsh'
