-- The C compiler identification is GNU 11.4.0
-- The CXX compiler identification is GNU 11.4.0
-- Detecting C compiler ABI info
-- Detecting C compiler ABI info - done
-- Check for working C compiler: /usr/bin/cc - skipped
-- Detecting C compile features
-- Detecting C compile features - done
-- Detecting CXX compiler ABI info
-- Detecting CXX compiler ABI info - done
-- Check for working CXX compiler: /usr/bin/c++ - skipped
-- Detecting CXX compile features
-- Detecting CXX compile features - done
-- Found ament_cmake: 1.3.12 (/opt/ros/humble/share/ament_cmake/cmake)
-- Found Python3: /usr/bin/python3 (found version "3.10.12") found components: Interpreter 
-- Found ament_lint_auto: 0.12.14 (/opt/ros/humble/share/ament_lint_auto/cmake)
-- Added test 'cppcheck' to perform static code analysis on C / C++ code
-- Configured cppcheck include dirs: 
-- Configured cppcheck exclude dirs and/or files: 
-- Added test 'lint_cmake' to check CMake code style
-- Added test 'uncrustify' to check C / C++ code style
-- Configured uncrustify additional arguments: 
-- Added test 'xmllint' to check XML markup files
-- Configuring done
-- Generating done
-- Build files have been written to: /home/tanvi/LiDAR_ws/launch11/build/launch11
-- Install configuration: ""
-- Installing: /home/tanvi/LiDAR_ws/launch11/install/launch11/share/launch11//launch
-- Installing: /home/tanvi/LiDAR_ws/launch11/install/launch11/share/launch11//launch/launch11.launch.xml
-- Installing: /home/tanvi/LiDAR_ws/launch11/install/launch11/share/ament_index/resource_index/package_run_dependencies/launch11
-- Installing: /home/tanvi/LiDAR_ws/launch11/install/launch11/share/ament_index/resource_index/parent_prefix_path/launch11
-- Installing: /home/tanvi/LiDAR_ws/launch11/install/launch11/share/launch11/environment/ament_prefix_path.sh
-- Installing: /home/tanvi/LiDAR_ws/launch11/install/launch11/share/launch11/environment/ament_prefix_path.dsv
-- Installing: /home/tanvi/LiDAR_ws/launch11/install/launch11/share/launch11/environment/path.sh
-- Installing: /home/tanvi/LiDAR_ws/launch11/install/launch11/share/launch11/environment/path.dsv
-- Installing: /home/tanvi/LiDAR_ws/launch11/install/launch11/share/launch11/local_setup.bash
-- Installing: /home/tanvi/LiDAR_ws/launch11/install/launch11/share/launch11/local_setup.sh
-- Installing: /home/tanvi/LiDAR_ws/launch11/install/launch11/share/launch11/local_setup.zsh
-- Installing: /home/tanvi/LiDAR_ws/launch11/install/launch11/share/launch11/local_setup.dsv
-- Installing: /home/tanvi/LiDAR_ws/launch11/install/launch11/share/launch11/package.dsv
-- Installing: /home/tanvi/LiDAR_ws/launch11/install/launch11/share/ament_index/resource_index/packages/launch11
-- Installing: /home/tanvi/LiDAR_ws/launch11/install/launch11/share/launch11/cmake/launch11Config.cmake
-- Installing: /home/tanvi/LiDAR_ws/launch11/install/launch11/share/launch11/cmake/launch11Config-version.cmake
-- Installing: /home/tanvi/LiDAR_ws/launch11/install/launch11/share/launch11/package.xml
