[0.087s] Invoking command in '/home/tanvi/LiDAR_ws/launch11/build/launch11': CMAKE_PREFIX_PATH=/opt/ros/humble /usr/bin/cmake /home/tanvi/LiDAR_ws/launch11 -DCMAKE_INSTALL_PREFIX=/home/tanvi/LiDAR_ws/launch11/install/launch11
[3.270s] -- The C compiler identification is GNU 11.4.0
[4.911s] -- The CXX compiler identification is GNU 11.4.0
[4.938s] -- Detecting C compiler ABI info
[5.428s] -- Detecting C compiler ABI info - done
[5.441s] -- Check for working C compiler: /usr/bin/cc - skipped
[5.463s] -- Detecting C compile features
[5.521s] -- Detecting C compile features - done
[5.535s] -- Detecting CXX compiler ABI info
[5.771s] -- Detecting CXX compiler ABI info - done
[5.780s] -- Check for working CXX compiler: /usr/bin/c++ - skipped
[5.780s] -- Detecting CXX compile features
[5.781s] -- Detecting CXX compile features - done
[6.125s] -- Found ament_cmake: 1.3.12 (/opt/ros/humble/share/ament_cmake/cmake)
[6.520s] -- Found Python3: /usr/bin/python3 (found version "3.10.12") found components: Interpreter 
[6.977s] -- Found ament_lint_auto: 0.12.14 (/opt/ros/humble/share/ament_lint_auto/cmake)
[7.365s] -- Added test 'cppcheck' to perform static code analysis on C / C++ code
[7.365s] -- Configured cppcheck include dirs: 
[7.365s] -- Configured cppcheck exclude dirs and/or files: 
[7.369s] -- Added test 'lint_cmake' to check CMake code style
[7.376s] -- Added test 'uncrustify' to check C / C++ code style
[7.376s] -- Configured uncrustify additional arguments: 
[7.378s] -- Added test 'xmllint' to check XML markup files
[7.380s] -- Configuring done
[7.383s] -- Generating done
[7.385s] -- Build files have been written to: /home/tanvi/LiDAR_ws/launch11/build/launch11
[7.390s] Invoked command in '/home/tanvi/LiDAR_ws/launch11/build/launch11' returned '0': CMAKE_PREFIX_PATH=/opt/ros/humble /usr/bin/cmake /home/tanvi/LiDAR_ws/launch11 -DCMAKE_INSTALL_PREFIX=/home/tanvi/LiDAR_ws/launch11/install/launch11
[7.392s] Invoking command in '/home/tanvi/LiDAR_ws/launch11/build/launch11': CMAKE_PREFIX_PATH=/opt/ros/humble /usr/bin/cmake --build /home/tanvi/LiDAR_ws/launch11/build/launch11 -- -j8 -l8
[7.425s] Invoked command in '/home/tanvi/LiDAR_ws/launch11/build/launch11' returned '0': CMAKE_PREFIX_PATH=/opt/ros/humble /usr/bin/cmake --build /home/tanvi/LiDAR_ws/launch11/build/launch11 -- -j8 -l8
[7.434s] Invoking command in '/home/tanvi/LiDAR_ws/launch11/build/launch11': CMAKE_PREFIX_PATH=/opt/ros/humble /usr/bin/cmake --install /home/tanvi/LiDAR_ws/launch11/build/launch11
[7.440s] -- Install configuration: ""
[7.441s] -- Installing: /home/tanvi/LiDAR_ws/launch11/install/launch11/share/launch11//launch
[7.441s] -- Installing: /home/tanvi/LiDAR_ws/launch11/install/launch11/share/launch11//launch/launch11.launch.xml
[7.441s] -- Installing: /home/tanvi/LiDAR_ws/launch11/install/launch11/share/ament_index/resource_index/package_run_dependencies/launch11
[7.441s] -- Installing: /home/tanvi/LiDAR_ws/launch11/install/launch11/share/ament_index/resource_index/parent_prefix_path/launch11
[7.441s] -- Installing: /home/tanvi/LiDAR_ws/launch11/install/launch11/share/launch11/environment/ament_prefix_path.sh
[7.441s] -- Installing: /home/tanvi/LiDAR_ws/launch11/install/launch11/share/launch11/environment/ament_prefix_path.dsv
[7.441s] -- Installing: /home/tanvi/LiDAR_ws/launch11/install/launch11/share/launch11/environment/path.sh
[7.441s] -- Installing: /home/tanvi/LiDAR_ws/launch11/install/launch11/share/launch11/environment/path.dsv
[7.442s] -- Installing: /home/tanvi/LiDAR_ws/launch11/install/launch11/share/launch11/local_setup.bash
[7.442s] -- Installing: /home/tanvi/LiDAR_ws/launch11/install/launch11/share/launch11/local_setup.sh
[7.442s] -- Installing: /home/tanvi/LiDAR_ws/launch11/install/launch11/share/launch11/local_setup.zsh
[7.442s] -- Installing: /home/tanvi/LiDAR_ws/launch11/install/launch11/share/launch11/local_setup.dsv
[7.442s] -- Installing: /home/tanvi/LiDAR_ws/launch11/install/launch11/share/launch11/package.dsv
[7.442s] -- Installing: /home/tanvi/LiDAR_ws/launch11/install/launch11/share/ament_index/resource_index/packages/launch11
[7.442s] -- Installing: /home/tanvi/LiDAR_ws/launch11/install/launch11/share/launch11/cmake/launch11Config.cmake
[7.442s] -- Installing: /home/tanvi/LiDAR_ws/launch11/install/launch11/share/launch11/cmake/launch11Config-version.cmake
[7.442s] -- Installing: /home/tanvi/LiDAR_ws/launch11/install/launch11/share/launch11/package.xml
[7.444s] Invoked command in '/home/tanvi/LiDAR_ws/launch11/build/launch11' returned '0': CMAKE_PREFIX_PATH=/opt/ros/humble /usr/bin/cmake --install /home/tanvi/LiDAR_ws/launch11/build/launch11
